# JRE version: OpenJDK Runtime Environment (8.0_352-b08) (build 1.8.0_352-b08)
# Java VM: OpenJDK 64-Bit Server VM (25.352-b08 mixed mode windows-amd64 compressed oops)
Heap:
 PSYoungGen      total 161792K, used 51279K [0x00000000f5580000, 0x0000000100000000, 0x0000000100000000)
  eden space 148480K, 34% used [0x00000000f5580000,0x00000000f8793d80,0x00000000fe680000)
  from space 13312K, 0% used [0x00000000ff300000,0x00000000ff300000,0x0000000100000000)
  to   space 12800K, 0% used [0x00000000fe680000,0x00000000fe680000,0x00000000ff300000)
 ParOldGen       total 175104K, used 16377K [0x00000000e0000000, 0x00000000eab00000, 0x00000000f5580000)
  object space 175104K, 9% used [0x00000000e0000000,0x00000000e0ffe7d0,0x00000000eab00000)
 Metaspace       used 37885K, capacity 39838K, committed 39936K, reserved 1083392K
  class space    used 5183K, capacity 5589K, committed 5632K, reserved 1048576K
GC Heap History (16 events):
Event: 2.077 GC heap before
{Heap before GC invocations=1 (full 0):
 PSYoungGen      total 76288K, used 65536K [0x00000000f5580000, 0x00000000faa80000, 0x0000000100000000)
  eden space 65536K, 100% used [0x00000000f5580000,0x00000000f9580000,0x00000000f9580000)
  from space 10752K, 0% used [0x00000000fa000000,0x00000000fa000000,0x00000000faa80000)
  to   space 10752K, 0% used [0x00000000f9580000,0x00000000f9580000,0x00000000fa000000)
 ParOldGen       total 175104K, used 0K [0x00000000e0000000, 0x00000000eab00000, 0x00000000f5580000)
  object space 175104K, 0% used [0x00000000e0000000,0x00000000e0000000,0x00000000eab00000)
 Metaspace       used 8480K, capacity 8776K, committed 9088K, reserved 1056768K
  class space    used 987K, capacity 1056K, committed 1152K, reserved 1048576K
Event: 2.085 GC heap after
Heap after GC invocations=1 (full 0):
 PSYoungGen      total 76288K, used 6124K [0x00000000f5580000, 0x00000000faa80000, 0x0000000100000000)
  eden space 65536K, 0% used [0x00000000f5580000,0x00000000f5580000,0x00000000f9580000)
  from space 10752K, 56% used [0x00000000f9580000,0x00000000f9b7b198,0x00000000fa000000)
  to   space 10752K, 0% used [0x00000000fa000000,0x00000000fa000000,0x00000000faa80000)
 ParOldGen       total 175104K, used 16K [0x00000000e0000000, 0x00000000eab00000, 0x00000000f5580000)
  object space 175104K, 0% used [0x00000000e0000000,0x00000000e0004000,0x00000000eab00000)
 Metaspace       used 8480K, capacity 8776K, committed 9088K, reserved 1056768K
  class space    used 987K, capacity 1056K, committed 1152K, reserved 1048576K
}
Event: 3.852 GC heap before
{Heap before GC invocations=2 (full 0):
 PSYoungGen      total 76288K, used 71660K [0x00000000f5580000, 0x00000000faa80000, 0x0000000100000000)
  eden space 65536K, 100% used [0x00000000f5580000,0x00000000f9580000,0x00000000f9580000)
  from space 10752K, 56% used [0x00000000f9580000,0x00000000f9b7b198,0x00000000fa000000)
  to   space 10752K, 0% used [0x00000000fa000000,0x00000000fa000000,0x00000000faa80000)
 ParOldGen       total 175104K, used 16K [0x00000000e0000000, 0x00000000eab00000, 0x00000000f5580000)
  object space 175104K, 0% used [0x00000000e0000000,0x00000000e0004000,0x00000000eab00000)
 Metaspace       used 15062K, capacity 15502K, committed 15744K, reserved 1062912K
  class space    used 1945K, capacity 2079K, committed 2176K, reserved 1048576K
Event: 3.861 GC heap after
Heap after GC invocations=2 (full 0):
 PSYoungGen      total 76288K, used 9189K [0x00000000f5580000, 0x00000000faa80000, 0x0000000100000000)
  eden space 65536K, 0% used [0x00000000f5580000,0x00000000f5580000,0x00000000f9580000)
  from space 10752K, 85% used [0x00000000fa000000,0x00000000fa8f9600,0x00000000faa80000)
  to   space 10752K, 0% used [0x00000000f9580000,0x00000000f9580000,0x00000000fa000000)
 ParOldGen       total 175104K, used 24K [0x00000000e0000000, 0x00000000eab00000, 0x00000000f5580000)
  object space 175104K, 0% used [0x00000000e0000000,0x00000000e0006000,0x00000000eab00000)
 Metaspace       used 15062K, capacity 15502K, committed 15744K, reserved 1062912K
  class space    used 1945K, capacity 2079K, committed 2176K, reserved 1048576K
}
Event: 4.817 GC heap before
{Heap before GC invocations=3 (full 0):
 PSYoungGen      total 76288K, used 74725K [0x00000000f5580000, 0x00000000faa80000, 0x0000000100000000)
  eden space 65536K, 100% used [0x00000000f5580000,0x00000000f9580000,0x00000000f9580000)
  from space 10752K, 85% used [0x00000000fa000000,0x00000000fa8f9600,0x00000000faa80000)
  to   space 10752K, 0% used [0x00000000f9580000,0x00000000f9580000,0x00000000fa000000)
 ParOldGen       total 175104K, used 24K [0x00000000e0000000, 0x00000000eab00000, 0x00000000f5580000)
  object space 175104K, 0% used [0x00000000e0000000,0x00000000e0006000,0x00000000eab00000)
 Metaspace       used 19632K, capacity 20570K, committed 20608K, reserved 1067008K
  class space    used 2696K, capacity 2917K, committed 2944K, reserved 1048576K
Event: 4.839 GC heap after
Heap after GC invocations=3 (full 0):
 PSYoungGen      total 76288K, used 10723K [0x00000000f5580000, 0x00000000fea80000, 0x0000000100000000)
  eden space 65536K, 0% used [0x00000000f5580000,0x00000000f5580000,0x00000000f9580000)
  from space 10752K, 99% used [0x00000000f9580000,0x00000000f9ff8d78,0x00000000fa000000)
  to   space 10752K, 0% used [0x00000000fe000000,0x00000000fe000000,0x00000000fea80000)
 ParOldGen       total 175104K, used 66K [0x00000000e0000000, 0x00000000eab00000, 0x00000000f5580000)
  object space 175104K, 0% used [0x00000000e0000000,0x00000000e0010bf8,0x00000000eab00000)
 Metaspace       used 19632K, capacity 20570K, committed 20608K, reserved 1067008K
  class space    used 2696K, capacity 2917K, committed 2944K, reserved 1048576K
}
Event: 4.955 GC heap before
{Heap before GC invocations=4 (full 0):
 PSYoungGen      total 76288K, used 30648K [0x00000000f5580000, 0x00000000fea80000, 0x0000000100000000)
  eden space 65536K, 30% used [0x00000000f5580000,0x00000000f68f54f0,0x00000000f9580000)
  from space 10752K, 99% used [0x00000000f9580000,0x00000000f9ff8d78,0x00000000fa000000)
  to   space 10752K, 0% used [0x00000000fe000000,0x00000000fe000000,0x00000000fea80000)
 ParOldGen       total 175104K, used 66K [0x00000000e0000000, 0x00000000eab00000, 0x00000000f5580000)
  object space 175104K, 0% used [0x00000000e0000000,0x00000000e0010bf8,0x00000000eab00000)
 Metaspace       used 20323K, capacity 21212K, committed 21248K, reserved 1067008K
  class space    used 2826K, capacity 3046K, committed 3072K, reserved 1048576K
Event: 4.962 GC heap after
Heap after GC invocations=4 (full 0):
 PSYoungGen      total 141824K, used 7881K [0x00000000f5580000, 0x00000000fea80000, 0x0000000100000000)
  eden space 131072K, 0% used [0x00000000f5580000,0x00000000f5580000,0x00000000fd580000)
  from space 10752K, 73% used [0x00000000fe000000,0x00000000fe7b2748,0x00000000fea80000)
  to   space 10752K, 0% used [0x00000000fd580000,0x00000000fd580000,0x00000000fe000000)
 ParOldGen       total 175104K, used 74K [0x00000000e0000000, 0x00000000eab00000, 0x00000000f5580000)
  object space 175104K, 0% used [0x00000000e0000000,0x00000000e0012bf8,0x00000000eab00000)
 Metaspace       used 20323K, capacity 21212K, committed 21248K, reserved 1067008K
  class space    used 2826K, capacity 3046K, committed 3072K, reserved 1048576K
}
Event: 4.962 GC heap before
{Heap before GC invocations=5 (full 1):
 PSYoungGen      total 141824K, used 7881K [0x00000000f5580000, 0x00000000fea80000, 0x0000000100000000)
  eden space 131072K, 0% used [0x00000000f5580000,0x00000000f5580000,0x00000000fd580000)
  from space 10752K, 73% used [0x00000000fe000000,0x00000000fe7b2748,0x00000000fea80000)
  to   space 10752K, 0% used [0x00000000fd580000,0x00000000fd580000,0x00000000fe000000)
 ParOldGen       total 175104K, used 74K [0x00000000e0000000, 0x00000000eab00000, 0x00000000f5580000)
  object space 175104K, 0% used [0x00000000e0000000,0x00000000e0012bf8,0x00000000eab00000)
 Metaspace       used 20323K, capacity 21212K, committed 21248K, reserved 1067008K
  class space    used 2826K, capacity 3046K, committed 3072K, reserved 1048576K
Event: 4.990 GC heap after
Heap after GC invocations=5 (full 1):
 PSYoungGen      total 141824K, used 0K [0x00000000f5580000, 0x00000000fea80000, 0x0000000100000000)
  eden space 131072K, 0% used [0x00000000f5580000,0x00000000f5580000,0x00000000fd580000)
  from space 10752K, 0% used [0x00000000fe000000,0x00000000fe000000,0x00000000fea80000)
  to   space 10752K, 0% used [0x00000000fd580000,0x00000000fd580000,0x00000000fe000000)
 ParOldGen       total 175104K, used 7699K [0x00000000e0000000, 0x00000000eab00000, 0x00000000f5580000)
  object space 175104K, 4% used [0x00000000e0000000,0x00000000e0784fc8,0x00000000eab00000)
 Metaspace       used 20323K, capacity 21212K, committed 21248K, reserved 1067008K
  class space    used 2826K, capacity 3046K, committed 3072K, reserved 1048576K
}
Event: 6.785 GC heap before
{Heap before GC invocations=6 (full 1):
 PSYoungGen      total 141824K, used 131072K [0x00000000f5580000, 0x00000000fea80000, 0x0000000100000000)
  eden space 131072K, 100% used [0x00000000f5580000,0x00000000fd580000,0x00000000fd580000)
  from space 10752K, 0% used [0x00000000fe000000,0x00000000fe000000,0x00000000fea80000)
  to   space 10752K, 0% used [0x00000000fd580000,0x00000000fd580000,0x00000000fe000000)
 ParOldGen       total 175104K, used 7699K [0x00000000e0000000, 0x00000000eab00000, 0x00000000f5580000)
  object space 175104K, 4% used [0x00000000e0000000,0x00000000e0784fc8,0x00000000eab00000)
 Metaspace       used 28563K, capacity 30230K, committed 30336K, reserved 1075200K
  class space    used 4117K, capacity 4447K, committed 4480K, reserved 1048576K
Event: 6.926 GC heap after
Heap after GC invocations=6 (full 1):
 PSYoungGen      total 141824K, used 10737K [0x00000000f5580000, 0x0000000100000000, 0x0000000100000000)
  eden space 131072K, 0% used [0x00000000f5580000,0x00000000f5580000,0x00000000fd580000)
  from space 10752K, 99% used [0x00000000fd580000,0x00000000fdffc5f0,0x00000000fe000000)
  to   space 13312K, 0% used [0x00000000ff300000,0x00000000ff300000,0x0000000100000000)
 ParOldGen       total 175104K, used 8119K [0x00000000e0000000, 0x00000000eab00000, 0x00000000f5580000)
  object space 175104K, 4% used [0x00000000e0000000,0x00000000e07edf10,0x00000000eab00000)
 Metaspace       used 28563K, capacity 30230K, committed 30336K, reserved 1075200K
  class space    used 4117K, capacity 4447K, committed 4480K, reserved 1048576K
}
Event: 8.298 GC heap before
{Heap before GC invocations=7 (full 1):
 PSYoungGen      total 141824K, used 49713K [0x00000000f5580000, 0x0000000100000000, 0x0000000100000000)
  eden space 131072K, 29% used [0x00000000f5580000,0x00000000f7b8ffc8,0x00000000fd580000)
  from space 10752K, 99% used [0x00000000fd580000,0x00000000fdffc5f0,0x00000000fe000000)
  to   space 13312K, 0% used [0x00000000ff300000,0x00000000ff300000,0x0000000100000000)
 ParOldGen       total 175104K, used 8119K [0x00000000e0000000, 0x00000000eab00000, 0x00000000f5580000)
  object space 175104K, 4% used [0x00000000e0000000,0x00000000e07edf10,0x00000000eab00000)
 Metaspace       used 33543K, capacity 35314K, committed 35416K, reserved 1079296K
  class space    used 4706K, capacity 5070K, committed 5120K, reserved 1048576K
Event: 8.324 GC heap after
Heap after GC invocations=7 (full 1):
 PSYoungGen      total 161792K, used 9803K [0x00000000f5580000, 0x0000000100000000, 0x0000000100000000)
  eden space 148480K, 0% used [0x00000000f5580000,0x00000000f5580000,0x00000000fe680000)
  from space 13312K, 73% used [0x00000000ff300000,0x00000000ffc92d80,0x0000000100000000)
  to   space 12800K, 0% used [0x00000000fe680000,0x00000000fe680000,0x00000000ff300000)
 ParOldGen       total 175104K, used 8127K [0x00000000e0000000, 0x00000000eab00000, 0x00000000f5580000)
  object space 175104K, 4% used [0x00000000e0000000,0x00000000e07eff10,0x00000000eab00000)
 Metaspace       used 33543K, capacity 35314K, committed 35416K, reserved 1079296K
  class space    used 4706K, capacity 5070K, committed 5120K, reserved 1048576K
}
Event: 8.324 GC heap before
{Heap before GC invocations=8 (full 2):
 PSYoungGen      total 161792K, used 9803K [0x00000000f5580000, 0x0000000100000000, 0x0000000100000000)
  eden space 148480K, 0% used [0x00000000f5580000,0x00000000f5580000,0x00000000fe680000)
  from space 13312K, 73% used [0x00000000ff300000,0x00000000ffc92d80,0x0000000100000000)
  to   space 12800K, 0% used [0x00000000fe680000,0x00000000fe680000,0x00000000ff300000)
 ParOldGen       total 175104K, used 8127K [0x00000000e0000000, 0x00000000eab00000, 0x00000000f5580000)
  object space 175104K, 4% used [0x00000000e0000000,0x00000000e07eff10,0x00000000eab00000)
 Metaspace       used 33543K, capacity 35314K, committed 35416K, reserved 1079296K
  class space    used 4706K, capacity 5070K, committed 5120K, reserved 1048576K
Event: 8.420 GC heap after
Heap after GC invocations=8 (full 2):
 PSYoungGen      total 161792K, used 0K [0x00000000f5580000, 0x0000000100000000, 0x0000000100000000)
  eden space 148480K, 0% used [0x00000000f5580000,0x00000000f5580000,0x00000000fe680000)
  from space 13312K, 0% used [0x00000000ff300000,0x00000000ff300000,0x0000000100000000)
  to   space 12800K, 0% used [0x00000000fe680000,0x00000000fe680000,0x00000000ff300000)
 ParOldGen       total 175104K, used 16377K [0x00000000e0000000, 0x00000000eab00000, 0x00000000f5580000)
  object space 175104K, 9% used [0x00000000e0000000,0x00000000e0ffe7d0,0x00000000eab00000)
 Metaspace       used 33541K, capacity 35308K, committed 35416K, reserved 1079296K
  class space    used 4706K, capacity 5069K, committed 5120K, reserved 1048576K
}

